2024-05-31T00:45:10.526-03:00  INFO 12256 --- [demo] [restartedMain] com.uade.tpo.demo.DemoApplication        : Starting DemoApplication using Java 17.0.11 with PID 12256 (C:\Users\juanp\apis\proyecto-apis-backend\target\classes started by juanp in C:\Users\juanp\apis\proyecto-apis-backend)
2024-05-31T00:45:10.527-03:00  INFO 12256 --- [demo] [restartedMain] com.uade.tpo.demo.DemoApplication        : No active profile set, falling back to 1 default profile: "default"
2024-05-31T00:45:11.354-03:00  INFO 12256 --- [demo] [restartedMain] .s.d.r.c.RepositoryConfigurationDelegate : Bootstrapping Spring Data JPA repositories in DEFAULT mode.
2024-05-31T00:45:11.417-03:00  INFO 12256 --- [demo] [restartedMain] .s.d.r.c.RepositoryConfigurationDelegate : Finished Spring Data repository scanning in 62 ms. Found 5 JPA repository interfaces.
2024-05-31T00:45:11.742-03:00  INFO 12256 --- [demo] [restartedMain] o.s.b.w.embedded.tomcat.TomcatWebServer  : Tomcat initialized with port 8080 (http)
2024-05-31T00:45:11.745-03:00  INFO 12256 --- [demo] [restartedMain] o.apache.catalina.core.StandardService   : Starting service [Tomcat]
2024-05-31T00:45:11.745-03:00  INFO 12256 --- [demo] [restartedMain] o.apache.catalina.core.StandardEngine    : Starting Servlet engine: [Apache Tomcat/10.1.20]
2024-05-31T00:45:11.858-03:00  INFO 12256 --- [demo] [restartedMain] o.a.c.c.C.[Tomcat].[localhost].[/]       : Initializing Spring embedded WebApplicationContext
2024-05-31T00:45:11.859-03:00  INFO 12256 --- [demo] [restartedMain] w.s.c.ServletWebServerApplicationContext : Root WebApplicationContext: initialization completed in 1325 ms
2024-05-31T00:45:12.012-03:00  INFO 12256 --- [demo] [restartedMain] com.zaxxer.hikari.HikariDataSource       : HikariPool-3 - Starting...
2024-05-31T00:45:12.013-03:00  WARN 12256 --- [demo] [restartedMain] c.zaxxer.hikari.util.DriverDataSource    : Registered driver with driverClassName=com.mysql.jdbc.Driver was not found, trying direct instantiation.
2024-05-31T00:45:14.349-03:00  INFO 12256 --- [demo] [restartedMain] com.zaxxer.hikari.pool.HikariPool        : HikariPool-3 - Added connection com.mysql.cj.jdbc.ConnectionImpl@20c4f74d
2024-05-31T00:45:14.351-03:00  INFO 12256 --- [demo] [restartedMain] com.zaxxer.hikari.HikariDataSource       : HikariPool-3 - Start completed.
2024-05-31T00:45:14.352-03:00  INFO 12256 --- [demo] [restartedMain] o.s.b.a.h2.H2ConsoleAutoConfiguration    : H2 console available at '/h2-console'. Database available at 'jdbc:mysql://viaduct.proxy.rlwy.net:51503/railway'
2024-05-31T00:45:14.613-03:00  INFO 12256 --- [demo] [restartedMain] o.hibernate.jpa.internal.util.LogHelper  : HHH000204: Processing PersistenceUnitInfo [name: default]
2024-05-31T00:45:14.627-03:00  INFO 12256 --- [demo] [restartedMain] o.h.c.internal.RegionFactoryInitiator    : HHH000026: Second-level cache disabled
2024-05-31T00:45:14.648-03:00  INFO 12256 --- [demo] [restartedMain] o.s.o.j.p.SpringPersistenceUnitInfo      : No LoadTimeWeaver setup: ignoring JPA class transformer
2024-05-31T00:45:14.871-03:00  WARN 12256 --- [demo] [restartedMain] org.hibernate.orm.deprecation            : HHH90000025: MySQLDialect does not need to be specified explicitly using 'hibernate.dialect' (remove the property setting and it will be selected by default)
2024-05-31T00:45:15.210-03:00  INFO 12256 --- [demo] [restartedMain] o.h.e.t.j.p.i.JtaPlatformInitiator       : HHH000489: No JTA platform available (set 'hibernate.transaction.jta.platform' to enable JTA platform integration)
2024-05-31T00:45:20.478-03:00  INFO 12256 --- [demo] [restartedMain] j.LocalContainerEntityManagerFactoryBean : Initialized JPA EntityManagerFactory for persistence unit 'default'
2024-05-31T00:45:20.830-03:00  WARN 12256 --- [demo] [restartedMain] JpaBaseConfiguration$JpaWebConfiguration : spring.jpa.open-in-view is enabled by default. Therefore, database queries may be performed during view rendering. Explicitly configure spring.jpa.open-in-view to disable this warning
2024-05-31T00:45:21.288-03:00  INFO 12256 --- [demo] [restartedMain] o.s.b.a.e.web.EndpointLinksResolver      : Exposing 1 endpoint(s) beneath base path '/actuator'
2024-05-31T00:45:21.312-03:00  INFO 12256 --- [demo] [restartedMain] o.s.s.web.DefaultSecurityFilterChain     : Will secure any request with [org.springframework.security.web.session.DisableEncodeUrlFilter@7a4921b9, org.springframework.security.web.context.request.async.WebAsyncManagerIntegrationFilter@1b3579d, org.springframework.security.web.context.SecurityContextHolderFilter@40517399, org.springframework.security.web.header.HeaderWriterFilter@420b0189, org.springframework.web.filter.CorsFilter@5094503b, org.springframework.security.web.authentication.logout.LogoutFilter@9c73511, com.uade.tpo.demo.config.filter.AuthenticationFilter@4051f2ff, org.springframework.security.web.savedrequest.RequestCacheAwareFilter@222e7ab1, org.springframework.security.web.servletapi.SecurityContextHolderAwareRequestFilter@77de5fbb, org.springframework.security.web.authentication.AnonymousAuthenticationFilter@977f696, org.springframework.security.web.session.SessionManagementFilter@3004eaf2, org.springframework.security.web.access.ExceptionTranslationFilter@18f0cf7c, org.springframework.security.web.access.intercept.AuthorizationFilter@51055095]
2024-05-31T00:45:21.570-03:00  INFO 12256 --- [demo] [restartedMain] o.s.b.d.a.OptionalLiveReloadServer       : LiveReload server is running on port 35729
2024-05-31T00:45:21.594-03:00  INFO 12256 --- [demo] [restartedMain] o.s.b.w.embedded.tomcat.TomcatWebServer  : Tomcat started on port 8080 (http) with context path ''
2024-05-31T00:45:21.614-03:00  INFO 12256 --- [demo] [restartedMain] com.uade.tpo.demo.DemoApplication        : Started DemoApplication in 11.194 seconds (process running for 2178.107)
2024-05-31T00:45:21.624-03:00  INFO 12256 --- [demo] [restartedMain] .ConditionEvaluationDeltaLoggingListener : Condition evaluation delta:


==========================
CONDITION EVALUATION DELTA
==========================


Positive matches:
-----------------

   LogFileWebEndpointAutoConfiguration#logFileWebEndpoint matched:
      - Log File found logging.file.name myapp.log (LogFileWebEndpointAutoConfiguration.LogFileCondition)
      - @ConditionalOnMissingBean (types: org.springframework.boot.actuate.logging.LogFileWebEndpoint; SearchStrategy: all) did not find any beans (OnBeanCondition)


Negative matches:
-----------------

    None


Exclusions:
-----------

    None


Unconditional classes:
----------------------

    None



2024-05-31T00:45:53.326-03:00  INFO 12256 --- [demo] [http-nio-8080-exec-1] o.a.c.c.C.[Tomcat].[localhost].[/]       : Initializing Spring DispatcherServlet 'dispatcherServlet'
2024-05-31T00:45:53.328-03:00  INFO 12256 --- [demo] [http-nio-8080-exec-1] o.s.web.servlet.DispatcherServlet        : Initializing Servlet 'dispatcherServlet'
2024-05-31T00:45:53.331-03:00  INFO 12256 --- [demo] [http-nio-8080-exec-1] o.s.web.servlet.DispatcherServlet        : Completed initialization in 1 ms
2024-05-31T00:45:53.918-03:00  INFO 12256 --- [demo] [http-nio-8080-exec-9] o.springdoc.api.AbstractOpenApiResource  : Init duration for springdoc-openapi is: 167 ms
2024-05-31T00:49:29.804-03:00  INFO 12256 --- [demo] [File Watcher] rtingClassPathChangeChangedEventListener : Restarting due to 1 class path change (0 additions, 0 deletions, 1 modification)
2024-05-31T00:49:29.832-03:00  INFO 12256 --- [demo] [Thread-11] j.LocalContainerEntityManagerFactoryBean : Closing JPA EntityManagerFactory for persistence unit 'default'
2024-05-31T00:49:29.836-03:00  INFO 12256 --- [demo] [Thread-11] com.zaxxer.hikari.HikariDataSource       : HikariPool-3 - Shutdown initiated...
2024-05-31T00:49:31.583-03:00  INFO 12256 --- [demo] [Thread-11] com.zaxxer.hikari.HikariDataSource       : HikariPool-3 - Shutdown completed.
